<?xml version="1.0" encoding="UTF-8"?>
<!-- Generated by org.testng.reporters.JUnitReportReporter -->
<testsuite hostname="DESKTOP-GT53KVG" failures="0" tests="15" name="academy.practiceproject.MainPage" time="1.541" errors="0" timestamp="2021-11-14T11:18:48 IST" skipped="0">
  <testcase classname="academy.practiceproject.MainPage" name="selectEachOption" time="0.249"/>
  <system-out/>
  <testcase classname="academy.practiceproject.MainPage" name="countRadioButtonNumber" time="0.047"/>
  <system-out/>
  <testcase classname="academy.practiceproject.MainPage" name="selectBenz" time="0.102"/>
  <system-out/>
  <testcase classname="academy.practiceproject.MainPage" name="selectBMWRadionButton" time="0.148"/>
  <system-out/>
  <testcase classname="academy.practiceproject.MainPage" name="pageTitleVerifyTest" time="0.010"/>
  <system-out/>
  <testcase classname="academy.practiceproject.MainPage" name="selecthonda" time="0.096"/>
  <system-out/>
  <testcase classname="academy.practiceproject.MainPage" name="byDefaultSelectedRadioButton" time="0.150"/>
  <system-out/>
  <testcase classname="academy.practiceproject.MainPage" name="selectBmw" time="0.097"/>
  <system-out/>
  <testcase classname="academy.practiceproject.MainPage" name="dropDownOptions" time="0.075"/>
  <system-out/>
  <testcase classname="academy.practiceproject.MainPage" name="selectHondaRadionButton" time="0.134"/>
  <system-out/>
  <testcase classname="academy.practiceproject.MainPage" name="verifyUrl" time="0.008"/>
  <system-out/>
  <testcase classname="academy.practiceproject.MainPage" name="dropdownText" time="0.083"/>
  <system-out/>
  <testcase classname="academy.practiceproject.MainPage" name="selectBenzRadionButton" time="0.139"/>
  <system-out/>
  <testcase classname="academy.practiceproject.MainPage" name="checkMultiSelectOption" time="0.096"/>
  <system-out/>
  <testcase classname="academy.practiceproject.MainPage" name="verifyRadioButtonLabels" time="0.107"/>
  <system-out/>
</testsuite> <!-- academy.practiceproject.MainPage -->
