<?xml version="1.0" encoding="UTF-8"?>
<!-- Generated by org.testng.reporters.JUnitReportReporter -->
<testsuite hostname="DESKTOP-GT53KVG" failures="0" tests="21" name="academy.practiceproject.MainPage" time="4.187" errors="0" timestamp="2021-11-17T18:39:26 IST" skipped="0">
  <testcase classname="academy.practiceproject.MainPage" name="uncheckAllCheckbox" time="0.300"/>
  <system-out/>
  <testcase classname="academy.practiceproject.MainPage" name="selectBenzRadionButton" time="0.142"/>
  <system-out/>
  <testcase classname="academy.practiceproject.MainPage" name="verifyUrl" time="0.008"/>
  <system-out/>
  <testcase classname="academy.practiceproject.MainPage" name="selectHondaRadionButton" time="0.147"/>
  <system-out/>
  <testcase classname="academy.practiceproject.MainPage" name="selectAllOption" time="0.874"/>
  <system-out/>
  <testcase classname="academy.practiceproject.MainPage" name="dropdownText" time="0.078"/>
  <system-out/>
  <testcase classname="academy.practiceproject.MainPage" name="checkMultiSelectOption" time="0.096"/>
  <system-out/>
  <testcase classname="academy.practiceproject.MainPage" name="selectBmw" time="0.113"/>
  <system-out/>
  <testcase classname="academy.practiceproject.MainPage" name="zcloseOpenedTab" time="0.202"/>
  <system-out/>
  <testcase classname="academy.practiceproject.MainPage" name="getcheckboxCount" time="0.021"/>
  <system-out/>
  <testcase classname="academy.practiceproject.MainPage" name="selectBenz" time="0.127"/>
  <system-out/>
  <testcase classname="academy.practiceproject.MainPage" name="byDefaultSelectedRadioButton" time="0.207"/>
  <system-out/>
  <testcase classname="academy.practiceproject.MainPage" name="switchToAlert" time="0.362"/>
  <system-out/>
  <testcase classname="academy.practiceproject.MainPage" name="selectBMWRadionButton" time="0.165"/>
  <system-out/>
  <testcase classname="academy.practiceproject.MainPage" name="pageTitleVerifyTest" time="0.009"/>
  <system-out/>
  <testcase classname="academy.practiceproject.MainPage" name="countRadioButtonNumber" time="0.043"/>
  <system-out/>
  <testcase classname="academy.practiceproject.MainPage" name="dropDownOptions" time="0.069"/>
  <system-out/>
  <testcase classname="academy.practiceproject.MainPage" name="selecthonda" time="0.112"/>
  <system-out/>
  <testcase classname="academy.practiceproject.MainPage" name="verifyRadioButtonLabels" time="0.124"/>
  <system-out/>
  <testcase classname="academy.practiceproject.MainPage" name="checkallCheckbox" time="0.335"/>
  <system-out/>
  <testcase classname="academy.practiceproject.MainPage" name="selectEachOption" time="0.653"/>
  <system-out/>
</testsuite> <!-- academy.practiceproject.MainPage -->
